<?xml version="1.0" encoding="UTF-8"?>
<robot generator="Robot 3.2.2 (Python 3.9.1 on win32)" generated="20210226 22:52:51.512" rpa="false">
<suite id="s1" name="Test" source="C:\Users\JUMBO\Desktop\Assignment-1\robotframework\test.robot">
<test id="s1-t1" name="Open www.google.com">
<kw name="Open Browser" library="SeleniumLibrary">
<doc>Opens a new browser instance to the optional ``url``.</doc>
<arguments>
<arg>${HOMEPAGE}</arg>
<arg>${BROWSER}</arg>
</arguments>
<msg timestamp="20210226 22:52:51.805" level="INFO">Opening browser 'Chrome' to base url 'http://www.google.com'.</msg>
<status status="PASS" starttime="20210226 22:52:51.804" endtime="20210226 22:52:55.716"></status>
</kw>
<status status="PASS" starttime="20210226 22:52:51.803" endtime="20210226 22:52:55.718" critical="yes"></status>
</test>
<status status="PASS" starttime="20210226 22:52:51.514" endtime="20210226 22:52:55.719"></status>
</suite>
<statistics>
<total>
<stat pass="1" fail="0">Critical Tests</stat>
<stat pass="1" fail="0">All Tests</stat>
</total>
<tag>
</tag>
<suite>
<stat pass="1" fail="0" id="s1" name="Test">Test</stat>
</suite>
</statistics>
<errors>
</errors>
</robot>
